[debug] [2024-05-28T09:01:59.363Z] ----------------------------------------------------------------------
[debug] [2024-05-28T09:01:59.366Z] Command:       /nix/store/qfm6zpnicb4q5x6w6y4cpj5z8ap68j3h-nodejs-18.19.1/bin/node /nix/store/cgci1g1m5rzdxbwnl9lgzfyfc2lkynd4-firebase-tools-13.9.0/lib/node_modules/firebase-tools/lib/bin/firebase.js init
[debug] [2024-05-28T09:01:59.367Z] CLI Version:   13.9.0
[debug] [2024-05-28T09:01:59.368Z] Platform:      linux
[debug] [2024-05-28T09:01:59.368Z] Node Version:  v18.19.1
[debug] [2024-05-28T09:01:59.368Z] Time:          Tue May 28 2024 09:01:59 GMT+0000 (Coordinated Universal Time)
[debug] [2024-05-28T09:01:59.368Z] ----------------------------------------------------------------------
[debug] 
[debug] [2024-05-28T09:01:59.468Z] > command requires scopes: ["email","openid","https://www.googleapis.com/auth/cloudplatformprojects.readonly","https://www.googleapis.com/auth/firebase","https://www.googleapis.com/auth/cloud-platform"]
[debug] [2024-05-28T09:01:59.469Z] > authorizing via signed-in user (nicolapasqua99@gmail.com)
[info] 
     ######## #### ########  ######## ########     ###     ######  ########
     ##        ##  ##     ## ##       ##     ##  ##   ##  ##       ##
     ######    ##  ########  ######   ########  #########  ######  ######
     ##        ##  ##    ##  ##       ##     ## ##     ##       ## ##
     ##       #### ##     ## ######## ########  ##     ##  ######  ########

You're about to initialize a Firebase project in this directory:

  /home/user/np_portfolio

Before we get started, keep in mind:

  * You are initializing within an existing Firebase project directory

[info] 
=== Project Setup
[info] 
[info] First, let's associate this project directory with a Firebase project.
[info] You can create multiple project aliases by running firebase use --add, 
[info] but for now we'll just set up a default project.
[info] 
[debug] [2024-05-28T09:02:04.220Z] Using project from CLI flag: nicolapasqualini-portfolio
[debug] [2024-05-28T09:02:04.223Z] >>> [apiv2][query] GET https://firebase.googleapis.com/v1beta1/projects/nicolapasqualini-portfolio [none]
[debug] [2024-05-28T09:02:04.522Z] <<< [apiv2][status] GET https://firebase.googleapis.com/v1beta1/projects/nicolapasqualini-portfolio 200
[debug] [2024-05-28T09:02:04.522Z] <<< [apiv2][body] GET https://firebase.googleapis.com/v1beta1/projects/nicolapasqualini-portfolio {"projectId":"nicolapasqualini-portfolio","projectNumber":"1093675815871","displayName":"nicolapasqualini","name":"projects/nicolapasqualini-portfolio","resources":{"hostingSite":"nicolapasqualini-portfolio","realtimeDatabaseInstance":"nicolapasqualini-portfolio-default-rtdb","storageBucket":"nicolapasqualini-portfolio.appspot.com","locationId":"europe-west"},"state":"ACTIVE","etag":"1_6361785f-87cd-44a1-9a7c-a9f02be3aafa"}
[info] i  Using project nicolapasqualini-portfolio (nicolapasqualini) 
[info] 
=== Hosting:github Setup
[info] 
[info] i  Detected a .git folder at /home/user/np_portfolio 
[info] i  Authorizing with GitHub to upload your service account to a GitHub repository's secrets store. 
[info] 
[info] Visit this URL on this device to log in:
[info] https://github.com/login/oauth/authorize?client_id=89cf50f02ac6aaed3484&state=876265164&redirect_uri=http%3A%2F%2Flocalhost%3A9005&scope=read%3Auser%20repo%20public_repo
[info] 
[info] Waiting for authentication...
[debug] [2024-05-28T09:04:49.575Z] ----------------------------------------------------------------------
[debug] [2024-05-28T09:04:49.578Z] Command:       /nix/store/qfm6zpnicb4q5x6w6y4cpj5z8ap68j3h-nodejs-18.19.1/bin/node /nix/store/cgci1g1m5rzdxbwnl9lgzfyfc2lkynd4-firebase-tools-13.9.0/lib/node_modules/firebase-tools/lib/bin/firebase.js login:ci
[debug] [2024-05-28T09:04:49.579Z] CLI Version:   13.9.0
[debug] [2024-05-28T09:04:49.580Z] Platform:      linux
[debug] [2024-05-28T09:04:49.580Z] Node Version:  v18.19.1
[debug] [2024-05-28T09:04:49.580Z] Time:          Tue May 28 2024 09:04:49 GMT+0000 (Coordinated Universal Time)
[debug] [2024-05-28T09:04:49.581Z] ----------------------------------------------------------------------
[debug] 
[warn] ⚠  Authenticating with a `login:ci` token is deprecated and will be removed in a future major version of `firebase-tools`. Instead, use a service account key with `GOOGLE_APPLICATION_CREDENTIALS`: https://cloud.google.com/docs/authentication/getting-started 
[info] 
[info] Visit this URL on this device to log in:
[info] https://accounts.google.com/o/oauth2/auth?client_id=563584335869-fgrhgmd47bqnekij5i8b5pr03ho849e6.apps.googleusercontent.com&scope=email%20openid%20https%3A%2F%2Fwww.googleapis.com%2Fauth%2Fcloudplatformprojects.readonly%20https%3A%2F%2Fwww.googleapis.com%2Fauth%2Ffirebase%20https%3A%2F%2Fwww.googleapis.com%2Fauth%2Fcloud-platform&response_type=code&state=894029753&redirect_uri=http%3A%2F%2Flocalhost%3A9005
[info] 
[info] Waiting for authentication...
[debug] [2024-05-28T09:32:11.341Z] ----------------------------------------------------------------------
[debug] [2024-05-28T09:32:11.344Z] Command:       /nix/store/qfm6zpnicb4q5x6w6y4cpj5z8ap68j3h-nodejs-18.19.1/bin/node /nix/store/cgci1g1m5rzdxbwnl9lgzfyfc2lkynd4-firebase-tools-13.9.0/lib/node_modules/firebase-tools/lib/bin/firebase.js init hosting:github
[debug] [2024-05-28T09:32:11.345Z] CLI Version:   13.9.0
[debug] [2024-05-28T09:32:11.346Z] Platform:      linux
[debug] [2024-05-28T09:32:11.346Z] Node Version:  v18.19.1
[debug] [2024-05-28T09:32:11.346Z] Time:          Tue May 28 2024 09:32:11 GMT+0000 (Coordinated Universal Time)
[debug] [2024-05-28T09:32:11.347Z] ----------------------------------------------------------------------
[debug] 
[debug] [2024-05-28T09:32:11.471Z] > command requires scopes: ["email","openid","https://www.googleapis.com/auth/cloudplatformprojects.readonly","https://www.googleapis.com/auth/firebase","https://www.googleapis.com/auth/cloud-platform"]
[debug] [2024-05-28T09:32:11.472Z] > authorizing via signed-in user (nicolapasqua99@gmail.com)
[info] 
     ######## #### ########  ######## ########     ###     ######  ########
     ##        ##  ##     ## ##       ##     ##  ##   ##  ##       ##
     ######    ##  ########  ######   ########  #########  ######  ######
     ##        ##  ##    ##  ##       ##     ## ##     ##       ## ##
     ##       #### ##     ## ######## ########  ##     ##  ######  ########

You're about to initialize a Firebase project in this directory:

  /home/user/np_portfolio

Before we get started, keep in mind:

  * You are initializing within an existing Firebase project directory

[info] 
=== Project Setup
[info] 
[info] First, let's associate this project directory with a Firebase project.
[info] You can create multiple project aliases by running firebase use --add, 
[info] but for now we'll just set up a default project.
[info] 
[debug] [2024-05-28T09:32:11.483Z] Using project from CLI flag: nicolapasqualini-portfolio
[debug] [2024-05-28T09:32:11.489Z] >>> [apiv2][query] GET https://firebase.googleapis.com/v1beta1/projects/nicolapasqualini-portfolio [none]
[debug] [2024-05-28T09:32:11.782Z] <<< [apiv2][status] GET https://firebase.googleapis.com/v1beta1/projects/nicolapasqualini-portfolio 200
[debug] [2024-05-28T09:32:11.783Z] <<< [apiv2][body] GET https://firebase.googleapis.com/v1beta1/projects/nicolapasqualini-portfolio {"projectId":"nicolapasqualini-portfolio","projectNumber":"1093675815871","displayName":"nicolapasqualini","name":"projects/nicolapasqualini-portfolio","resources":{"hostingSite":"nicolapasqualini-portfolio","realtimeDatabaseInstance":"nicolapasqualini-portfolio-default-rtdb","storageBucket":"nicolapasqualini-portfolio.appspot.com","locationId":"europe-west"},"state":"ACTIVE","etag":"1_6361785f-87cd-44a1-9a7c-a9f02be3aafa"}
[info] i  Using project nicolapasqualini-portfolio (nicolapasqualini) 
[info] 
=== Hosting:github Setup
[info] 
[info] i  Detected a .git folder at /home/user/np_portfolio 
[info] i  Authorizing with GitHub to upload your service account to a GitHub repository's secrets store. 
[info] 
[info] Visit this URL on this device to log in:
[info] https://github.com/login/oauth/authorize?client_id=89cf50f02ac6aaed3484&state=426343553&redirect_uri=http%3A%2F%2Flocalhost%3A9005&scope=read%3Auser%20repo%20public_repo
[info] 
[info] Waiting for authentication...
