[debug] [2024-07-04T10:57:48.754Z] ----------------------------------------------------------------------
[debug] [2024-07-04T10:57:48.758Z] Command:       /nix/store/2hxfkbdbwh2s7rc20khzq8sjnywq0xs8-nodejs-18.19.1/bin/node /nix/store/9cksgsmi7xwqm3js1z92zhib6rnrjdcg-firebase-tools-13.9.0/lib/node_modules/firebase-tools/lib/bin/firebase.js serve
[debug] [2024-07-04T10:57:48.759Z] CLI Version:   13.9.0
[debug] [2024-07-04T10:57:48.760Z] Platform:      linux
[debug] [2024-07-04T10:57:48.760Z] Node Version:  v18.19.1
[debug] [2024-07-04T10:57:48.760Z] Time:          Thu Jul 04 2024 10:57:48 GMT+0000 (Coordinated Universal Time)
[debug] [2024-07-04T10:57:48.761Z] ----------------------------------------------------------------------
[debug] 
[debug] [2024-07-04T10:57:48.919Z] > command requires scopes: ["email","openid","https://www.googleapis.com/auth/cloudplatformprojects.readonly","https://www.googleapis.com/auth/firebase","https://www.googleapis.com/auth/cloud-platform"]
[debug] [2024-07-04T10:57:48.920Z] > authorizing via signed-in user (nicolapasqua99@gmail.com)
[debug] [2024-07-04T10:57:48.920Z] [iam] checking project nicolapasqualini-portfolio for permissions ["firebase.projects.get"]
[debug] [2024-07-04T10:57:48.923Z] >>> [apiv2][query] POST https://cloudresourcemanager.googleapis.com/v1/projects/nicolapasqualini-portfolio:testIamPermissions [none]
[debug] [2024-07-04T10:57:48.923Z] >>> [apiv2][(partial)header] POST https://cloudresourcemanager.googleapis.com/v1/projects/nicolapasqualini-portfolio:testIamPermissions x-goog-quota-user=projects/nicolapasqualini-portfolio
[debug] [2024-07-04T10:57:48.923Z] >>> [apiv2][body] POST https://cloudresourcemanager.googleapis.com/v1/projects/nicolapasqualini-portfolio:testIamPermissions {"permissions":["firebase.projects.get"]}
[debug] [2024-07-04T10:57:49.561Z] <<< [apiv2][status] POST https://cloudresourcemanager.googleapis.com/v1/projects/nicolapasqualini-portfolio:testIamPermissions 200
[debug] [2024-07-04T10:57:49.562Z] <<< [apiv2][body] POST https://cloudresourcemanager.googleapis.com/v1/projects/nicolapasqualini-portfolio:testIamPermissions {"permissions":["firebase.projects.get"]}
[debug] [2024-07-04T10:57:49.563Z] >>> [apiv2][query] GET https://firebase.googleapis.com/v1beta1/projects/nicolapasqualini-portfolio [none]
[debug] [2024-07-04T10:57:49.764Z] <<< [apiv2][status] GET https://firebase.googleapis.com/v1beta1/projects/nicolapasqualini-portfolio 200
[debug] [2024-07-04T10:57:49.764Z] <<< [apiv2][body] GET https://firebase.googleapis.com/v1beta1/projects/nicolapasqualini-portfolio {"projectId":"nicolapasqualini-portfolio","projectNumber":"1093675815871","displayName":"nicolapasqualini","name":"projects/nicolapasqualini-portfolio","resources":{"hostingSite":"nicolapasqualini-portfolio","realtimeDatabaseInstance":"nicolapasqualini-portfolio-default-rtdb","storageBucket":"nicolapasqualini-portfolio.appspot.com","locationId":"europe-west"},"state":"ACTIVE","etag":"1_6361785f-87cd-44a1-9a7c-a9f02be3aafa"}
[info] 
[info] === Serving from '/home/user/np_portfolio'...
[info] 
[debug] [2024-07-04T10:57:49.773Z] >>> [apiv2][query] GET https://firebase.googleapis.com/v1beta1/projects/nicolapasqualini-portfolio [none]
[debug] [2024-07-04T10:57:49.948Z] <<< [apiv2][status] GET https://firebase.googleapis.com/v1beta1/projects/nicolapasqualini-portfolio 200
[debug] [2024-07-04T10:57:49.948Z] <<< [apiv2][body] GET https://firebase.googleapis.com/v1beta1/projects/nicolapasqualini-portfolio {"projectId":"nicolapasqualini-portfolio","projectNumber":"1093675815871","displayName":"nicolapasqualini","name":"projects/nicolapasqualini-portfolio","resources":{"hostingSite":"nicolapasqualini-portfolio","realtimeDatabaseInstance":"nicolapasqualini-portfolio-default-rtdb","storageBucket":"nicolapasqualini-portfolio.appspot.com","locationId":"europe-west"},"state":"ACTIVE","etag":"1_6361785f-87cd-44a1-9a7c-a9f02be3aafa"}
[debug] [2024-07-04T10:57:53.676Z] defaultcredentials: writing to file /home/user/.config/firebase/nicolapasqua99_gmail_com_application_default_credentials.json
[debug] [2024-07-04T10:57:53.682Z] >>> [apiv2][query] GET https://firebasehosting.googleapis.com/v1beta1/projects/nicolapasqualini-portfolio/sites pageToken=&pageSize=10
[debug] [2024-07-04T10:57:54.523Z] <<< [apiv2][status] GET https://firebasehosting.googleapis.com/v1beta1/projects/nicolapasqualini-portfolio/sites 200
[debug] [2024-07-04T10:57:54.523Z] <<< [apiv2][body] GET https://firebasehosting.googleapis.com/v1beta1/projects/nicolapasqualini-portfolio/sites {"sites":[{"name":"projects/nicolapasqualini-portfolio/sites/nicolapasqualini-portfolio","defaultUrl":"https://nicolapasqualini-portfolio.web.app","appId":"1:1093675815871:web:2fde1822b385b1b0f0870a","type":"DEFAULT_SITE"}]}
[debug] [2024-07-04T10:57:54.524Z] >>> [apiv2][query] GET https://firebase.googleapis.com/v1beta1/projects/-/webApps/1:1093675815871:web:2fde1822b385b1b0f0870a/config [none]
[debug] [2024-07-04T10:57:55.093Z] <<< [apiv2][status] GET https://firebase.googleapis.com/v1beta1/projects/-/webApps/1:1093675815871:web:2fde1822b385b1b0f0870a/config 200
[debug] [2024-07-04T10:57:55.094Z] <<< [apiv2][body] GET https://firebase.googleapis.com/v1beta1/projects/-/webApps/1:1093675815871:web:2fde1822b385b1b0f0870a/config {"projectId":"nicolapasqualini-portfolio","appId":"1:1093675815871:web:2fde1822b385b1b0f0870a","databaseURL":"https://nicolapasqualini-portfolio-default-rtdb.europe-west1.firebasedatabase.app","storageBucket":"nicolapasqualini-portfolio.appspot.com","locationId":"europe-west","apiKey":"AIzaSyDiOYqooARBJLjKGOEJzA395bwsSKL9VGI","authDomain":"nicolapasqualini-portfolio.firebaseapp.com","messagingSenderId":"1093675815871"}
[info] 
   Thank you for trying our early preview of Next.js support on Firebase Hosting.
   During the preview, support is best-effort and breaking changes can be expected. Proceed with caution.
   The integration is known to work with Next.js version 12 - 14.0. You may encounter errors.

   Documentation: https://firebase.google.com/docs/hosting/frameworks/nextjs
   File a bug: https://github.com/firebase/firebase-tools/issues/new?template=bug_report.md
   Submit a feature request: https://github.com/firebase/firebase-tools/issues/new?template=feature_request.md

   We'd love to learn from you. Express your interest in helping us shape the future of Firebase Hosting: https://goo.gle/41enW5X

